<?xml version="1.0" encoding="UTF-8"?>
<!-- Generated by org.testng.reporters.JUnitXMLReporter -->
<testsuite ignored="0" hostname="JOHAN-NB" failures="0" tests="3" name="Default test" time="0.045" errors="0" timestamp="2024-09-05T17:44:35 WIB">
  <testcase classname="com.toolsqa.GroupDependentTestMethods" name="LogIn" time="0.01"/>
  <testcase classname="com.toolsqa.GroupDependentTestMethods" name="OpenBrowser" time="0.001"/>
  <testcase classname="com.toolsqa.GroupDependentTestMethods" name="ViewAcc" time="0.001"/>
</testsuite> <!-- Default test -->
