<?xml version="1.0" encoding="UTF-8"?>
<!-- Generated by org.testng.reporters.JUnitXMLReporter -->
<testsuite ignored="0" hostname="JOHAN-NB" failures="0" tests="3" name="After Methods" time="0.05" errors="0" timestamp="2024-09-05T13:27:52 WIB">
  <testcase classname="com.javatpoint.afterMethod.After_Methods" name="c_programmers" time="0.009"/>
  <testcase classname="com.javatpoint.afterMethod.After_Methods" name="dotnet_developer" time="0.002"/>
  <testcase classname="com.javatpoint.afterMethod.After_Methods" name="java_programmers" time="0.001"/>
</testsuite> <!-- After Methods -->
