<?xml version="1.0" encoding="UTF-8"?>
<!-- Generated by org.testng.reporters.JUnitXMLReporter -->
<testsuite ignored="1" hostname="JOHAN-NB" failures="0" tests="2" name="Enabled" time="0.009" errors="0" timestamp="2024-09-08T11:13:02 WIB">
  <testcase classname="com.javatpoint.annotations.Enabled" name="c_language" time="0.002"/>
  <testcase classname="com.javatpoint.annotations.Enabled" name="java" time="0.002"/>
  <testcase classname="com.javatpoint.annotations.Enabled" name="jira" time="0.0">
    <ignored/>
  </testcase> <!-- jira -->
</testsuite> <!-- Enabled -->
