<?xml version="1.0" encoding="UTF-8"?>
<!-- Generated by org.testng.reporters.JUnitXMLReporter -->
<testsuite ignored="0" hostname="JOHAN-NB" failures="0" tests="3" name="IT Department" time="0.054" errors="0" timestamp="2024-09-05T13:50:45 WIB">
  <testcase classname="com.javatpoint.beforeGroups.Class1" name="testcase1" time="0.012"/>
  <testcase classname="com.javatpoint.beforeGroups.Class1" name="testcase2" time="0.002"/>
  <testcase classname="com.javatpoint.beforeGroups.Class1" name="testcase3" time="0.002"/>
</testsuite> <!-- IT Department -->
