<?xml version="1.0" encoding="UTF-8"?>
<!-- Generated by org.testng.reporters.JUnitXMLReporter -->
<testsuite ignored="0" hostname="JOHAN-NB" failures="0" tests="3" name="Priority" time="0.071" errors="0" timestamp="2024-09-08T11:13:02 WIB">
  <testcase classname="com.javatpoint.annotations.Priority" name="mango" time="0.012"/>
  <testcase classname="com.javatpoint.annotations.Priority" name="watermelon" time="0.002"/>
  <testcase classname="com.javatpoint.annotations.Priority" name="apple" time="0.002"/>
</testsuite> <!-- Priority -->
