<?xml version="1.0" encoding="UTF-8"?>
<!-- Generated by org.testng.reporters.JUnitXMLReporter -->
<testsuite ignored="0" hostname="JOHAN-NB" failures="0" tests="3" name="Priority" time="0.056" errors="0" timestamp="2024-09-05T15:40:48 WIB">
  <testcase classname="com.javatpoint.annotations.Priority" name="mango" time="0.011"/>
  <testcase classname="com.javatpoint.annotations.Priority" name="watermelon" time="0.002"/>
  <testcase classname="com.javatpoint.annotations.Priority" name="apple" time="0.003"/>
</testsuite> <!-- Priority -->
