<?xml version="1.0" encoding="UTF-8"?>
<!-- Generated by org.testng.reporters.JUnitXMLReporter -->
<testsuite ignored="0" hostname="JOHAN-NB" failures="0" tests="10" name="TestNG all packages" time="0.065" errors="0" timestamp="2024-09-05T15:29:07 WIB">
  <testcase classname="com.javatpoint.afterClass.Class1" name="testcase1" time="0.009"/>
  <testcase classname="com.javatpoint.afterClass.Class1" name="testcase2" time="0.001"/>
  <testcase classname="com.javatpoint.afterClass.Class1" name="testcase3" time="0.002"/>
  <testcase classname="com.javatpoint.afterGroups.After_groups" name="testcase1" time="0.001"/>
  <testcase classname="com.javatpoint.afterGroups.After_groups" name="testcase2" time="0.002"/>
  <testcase classname="com.javatpoint.afterGroups.After_groups" name="testcase3" time="0.001"/>
  <testcase classname="com.javatpoint.afterClass.Class2" name="testcase1" time="0.001"/>
  <testcase classname="com.javatpoint.afterClass.Class2" name="testcase2" time="0.001"/>
  <testcase classname="com.javatpoint.afterClass.Class2" name="testcase3" time="0.002"/>
  <testcase classname="com.javatpoint.afterClass.Class2" name="testcase4" time="0.001"/>
</testsuite> <!-- TestNG all packages -->
