<?xml version="1.0" encoding="UTF-8"?>
<!-- Generated by org.testng.reporters.JUnitXMLReporter -->
<testsuite ignored="0" hostname="JOHAN-NB" failures="0" tests="3" name="Testing tools" time="0.086" errors="0" timestamp="2024-09-05T14:04:54 WIB">
  <testcase classname="com.javatpoint.afterGroups.After_groups" name="testcase1" time="0.018"/>
  <testcase classname="com.javatpoint.afterGroups.After_groups" name="testcase2" time="0.002"/>
  <testcase classname="com.javatpoint.afterGroups.After_groups" name="testcase3" time="0.002"/>
</testsuite> <!-- Testing tools -->
