<?xml version="1.0" encoding="UTF-8"?>
<!-- Generated by org.testng.reporters.JUnitXMLReporter -->
<testsuite ignored="0" hostname="JOHAN-NB" failures="1" tests="3" name="TimeOut Program" time="0.228" errors="0" timestamp="2024-09-05T15:40:48 WIB">
  <testcase classname="com.javatpoint.annotations.Time_out" name="testcase1" time="0.218">
    <failure type="org.testng.internal.thread.ThreadTimeoutException" message="Method com.javatpoint.annotations.Time_out.testcase1() didn&amp;apos;t finish within the time-out 200">
      <![CDATA[org.testng.internal.thread.ThreadTimeoutException: Method com.javatpoint.annotations.Time_out.testcase1() didn't finish within the time-out 200
at java.base/java.util.ArrayList.forEach(ArrayList.java:1597)
... Removed 24 stack frames]]>
    </failure>
  </testcase> <!-- testcase1 -->
  <testcase classname="com.javatpoint.annotations.Time_out" name="testcase2" time="0.001"/>
  <testcase classname="com.javatpoint.annotations.Time_out" name="testcase3" time="0.001"/>
</testsuite> <!-- TimeOut Program -->
