<?xml version="1.0" encoding="UTF-8"?>
<!-- Generated by org.testng.reporters.JUnitXMLReporter -->
<testsuite ignored="1" hostname="DESKTOP-RLLAE9J" failures="2" tests="2" name="ToolsQA" time="0.128" errors="0" timestamp="2024-09-08T01:41:26 WIB">
  <testcase classname="com.toolsqa.GroupExample" name="checkTitle" time="0.025">
    <failure type="java.lang.NullPointerException" message="Cannot invoke &amp;quot;org.openqa.selenium.WebDriver.getTitle()&amp;quot; because &amp;quot;this.driver&amp;quot; is null">
      <![CDATA[java.lang.NullPointerException: Cannot invoke "org.openqa.selenium.WebDriver.getTitle()" because "this.driver" is null
at com.toolsqa.GroupExample.checkTitle(GroupExample.java:32)
at java.base/java.util.ArrayList.forEach(ArrayList.java:1596)
... Removed 25 stack frames]]>
    </failure>
  </testcase> <!-- checkTitle -->
  <testcase classname="com.toolsqa.GroupExample" name="click_element" time="0.017">
    <failure type="java.lang.NullPointerException" message="Cannot invoke &amp;quot;org.openqa.selenium.WebDriver.findElement(org.openqa.selenium.By)&amp;quot; because &amp;quot;this.driver&amp;quot; is null">
      <![CDATA[java.lang.NullPointerException: Cannot invoke "org.openqa.selenium.WebDriver.findElement(org.openqa.selenium.By)" because "this.driver" is null
at com.toolsqa.GroupExample.click_element(GroupExample.java:38)
at java.base/java.util.ArrayList.forEach(ArrayList.java:1596)
... Removed 25 stack frames]]>
    </failure>
  </testcase> <!-- click_element -->
  <testcase classname="com.toolsqa.GroupExample" name="starting_point" time="0.0">
    <ignored/>
  </testcase> <!-- starting_point -->
</testsuite> <!-- ToolsQA -->
