<?xml version="1.0" encoding="UTF-8"?>
<!-- Generated by org.testng.reporters.JUnitXMLReporter -->
<testsuite ignored="2" hostname="JOHAN-NB" failures="1" tests="1" name="ToolsQA" time="0.043" errors="0" timestamp="2024-09-06T08:33:44 WIB">
  <testcase classname="com.toolsqa.GroupExample" name="checkTitle" time="0.012">
    <failure type="java.lang.NullPointerException" message="Cannot invoke &amp;quot;org.openqa.selenium.WebDriver.getTitle()&amp;quot; because &amp;quot;this.driver&amp;quot; is null">
      <![CDATA[java.lang.NullPointerException: Cannot invoke "org.openqa.selenium.WebDriver.getTitle()" because "this.driver" is null
at com.toolsqa.GroupExample.checkTitle(GroupExample.java:31)
at java.base/java.util.ArrayList.forEach(ArrayList.java:1597)
... Removed 25 stack frames]]>
    </failure>
  </testcase> <!-- checkTitle -->
  <testcase classname="com.toolsqa.GroupExample" name="click_element" time="0.0">
    <ignored/>
  </testcase> <!-- click_element -->
  <testcase classname="com.toolsqa.GroupExample" name="starting_point" time="0.0">
    <ignored/>
  </testcase> <!-- starting_point -->
</testsuite> <!-- ToolsQA -->
