<?xml version="1.0" encoding="UTF-8"?>
<!-- Generated by org.testng.reporters.JUnitXMLReporter -->
<testsuite ignored="1" hostname="JOHAN-NB" failures="1" tests="27" name="TestNG all packages" time="0.36" errors="0" timestamp="2024-09-05T15:41:09 WIB">
  <testcase classname="com.javatpoint.annotations.Depend_On_Methods" name="MobileStudentLogin" time="0.009"/>
  <testcase classname="com.javatpoint.annotations.Depend_On_Methods" name="WebStudentLogin" time="0.002"/>
  <testcase classname="com.javatpoint.annotations.Depend_On_Methods" name="APIStudentLogin" time="0.001"/>
  <testcase classname="com.javatpoint.afterClass.Class1" name="testcase1" time="0.001"/>
  <testcase classname="com.javatpoint.afterClass.Class1" name="testcase2" time="0.002"/>
  <testcase classname="com.javatpoint.afterClass.Class1" name="testcase3" time="0.002"/>
  <testcase classname="com.javatpoint.afterGroups.After_groups" name="testcase1" time="0.002"/>
  <testcase classname="com.javatpoint.afterGroups.After_groups" name="testcase2" time="0.001"/>
  <testcase classname="com.javatpoint.afterGroups.After_groups" name="testcase3" time="0.001"/>
  <testcase classname="com.javatpoint.annotations.Descriptions" name="testcase1" time="0.002"/>
  <testcase classname="com.javatpoint.annotations.Descriptions" name="testcase2" time="0.002"/>
  <testcase classname="com.javatpoint.annotations.Descriptions" name="testcase3" time="0.002"/>
  <testcase classname="com.javatpoint.afterClass.Class2" name="testcase1" time="0.002"/>
  <testcase classname="com.javatpoint.afterClass.Class2" name="testcase2" time="0.001"/>
  <testcase classname="com.javatpoint.afterClass.Class2" name="testcase3" time="0.001"/>
  <testcase classname="com.javatpoint.afterClass.Class2" name="testcase4" time="0.002"/>
  <testcase classname="com.javatpoint.annotations.Enabled" name="c_language" time="0.002"/>
  <testcase classname="com.javatpoint.annotations.Enabled" name="java" time="0.001"/>
  <testcase classname="com.javatpoint.annotations.Groups" name="infosys" time="0.002"/>
  <testcase classname="com.javatpoint.annotations.Groups" name="technip" time="0.002"/>
  <testcase classname="com.javatpoint.annotations.Groups" name="wipro" time="0.001"/>
  <testcase classname="com.javatpoint.annotations.Priority" name="mango" time="0.001"/>
  <testcase classname="com.javatpoint.annotations.Priority" name="watermelon" time="0.001"/>
  <testcase classname="com.javatpoint.annotations.Priority" name="apple" time="0.001"/>
  <testcase classname="com.javatpoint.annotations.Time_out" name="testcase1" time="0.209">
    <failure type="org.testng.internal.thread.ThreadTimeoutException" message="Method com.javatpoint.annotations.Time_out.testcase1() didn&amp;apos;t finish within the time-out 200">
      <![CDATA[org.testng.internal.thread.ThreadTimeoutException: Method com.javatpoint.annotations.Time_out.testcase1() didn't finish within the time-out 200
at java.base/java.util.ArrayList.forEach(ArrayList.java:1597)
... Removed 24 stack frames]]>
    </failure>
  </testcase> <!-- testcase1 -->
  <testcase classname="com.javatpoint.annotations.Time_out" name="testcase2" time="0.001"/>
  <testcase classname="com.javatpoint.annotations.Time_out" name="testcase3" time="0.002"/>
  <testcase classname="com.javatpoint.annotations.Enabled" name="jira" time="0.0">
    <ignored/>
  </testcase> <!-- jira -->
</testsuite> <!-- TestNG all packages -->
