<?xml version="1.0" encoding="UTF-8"?>
<testng-results ignored="0" total="3" passed="3" failed="0" skipped="0">
  <reporter-output>
  </reporter-output>
  <suite started-at="2024-09-05T17:44:35 WIB" name="Default suite" finished-at="2024-09-05T17:44:35 WIB" duration-ms="45">
    <groups>
      <group name="SignIn">
        <method signature="GroupDependentTestMethods.LogIn()[pri:0, instance:com.toolsqa.GroupDependentTestMethods@659499f1]" name="LogIn" class="com.toolsqa.GroupDependentTestMethods"/>
        <method signature="GroupDependentTestMethods.OpenBrowser()[pri:0, instance:com.toolsqa.GroupDependentTestMethods@659499f1]" name="OpenBrowser" class="com.toolsqa.GroupDependentTestMethods"/>
      </group> <!-- SignIn -->
    </groups>
    <test started-at="2024-09-05T17:44:35 WIB" name="Default test" finished-at="2024-09-05T17:44:35 WIB" duration-ms="45">
      <class name="com.toolsqa.GroupDependentTestMethods">
        <test-method signature="LogIn()[pri:0, instance:com.toolsqa.GroupDependentTestMethods@659499f1]" started-at="2024-09-05T17:44:35 WIB" name="LogIn" finished-at="2024-09-05T17:44:35 WIB" duration-ms="10" status="PASS">
          <reporter-output>
          </reporter-output>
        </test-method> <!-- LogIn -->
        <test-method signature="OpenBrowser()[pri:0, instance:com.toolsqa.GroupDependentTestMethods@659499f1]" started-at="2024-09-05T17:44:35 WIB" name="OpenBrowser" finished-at="2024-09-05T17:44:35 WIB" duration-ms="1" status="PASS">
          <reporter-output>
          </reporter-output>
        </test-method> <!-- OpenBrowser -->
        <test-method signature="ViewAcc()[pri:0, instance:com.toolsqa.GroupDependentTestMethods@659499f1]" started-at="2024-09-05T17:44:35 WIB" name="ViewAcc" depends-on-groups="SignIn" finished-at="2024-09-05T17:44:35 WIB" duration-ms="1" status="PASS">
          <reporter-output>
          </reporter-output>
        </test-method> <!-- ViewAcc -->
      </class> <!-- com.toolsqa.GroupDependentTestMethods -->
    </test> <!-- Default test -->
  </suite> <!-- Default suite -->
</testng-results>
