<?xml version="1.0" encoding="UTF-8"?>
<testng-results ignored="0" total="3" passed="3" failed="0" skipped="0">
  <reporter-output>
  </reporter-output>
  <suite started-at="2024-09-08T13:35:03 WIB" name="test_suite" finished-at="2024-09-08T13:35:03 WIB" duration-ms="156">
    <groups>
    </groups>
    <test started-at="2024-09-08T13:35:03 WIB" name="Module 1" finished-at="2024-09-08T13:35:03 WIB" duration-ms="49">
      <class name="com.javatpoint.afterSuite.Module1">
        <test-method signature="a_test()[pri:0, instance:com.javatpoint.afterSuite.Module1@15bb5034]" started-at="2024-09-08T13:35:03 WIB" name="a_test" finished-at="2024-09-08T13:35:03 WIB" duration-ms="10" status="PASS">
          <reporter-output>
          </reporter-output>
        </test-method> <!-- a_test -->
        <test-method signature="b_test()[pri:0, instance:com.javatpoint.afterSuite.Module1@15bb5034]" started-at="2024-09-08T13:35:03 WIB" name="b_test" finished-at="2024-09-08T13:35:03 WIB" duration-ms="1" status="PASS">
          <reporter-output>
          </reporter-output>
        </test-method> <!-- b_test -->
      </class> <!-- com.javatpoint.afterSuite.Module1 -->
    </test> <!-- Module 1 -->
    <test started-at="2024-09-08T13:35:03 WIB" name="Module 2" finished-at="2024-09-08T13:35:03 WIB" duration-ms="4">
      <class name="com.javatpoint.afterSuite.Module2">
        <test-method signature="c_test()[pri:0, instance:com.javatpoint.afterSuite.Module2@6f01b95f]" started-at="2024-09-08T13:35:03 WIB" name="c_test" finished-at="2024-09-08T13:35:03 WIB" duration-ms="1" status="PASS">
          <reporter-output>
          </reporter-output>
        </test-method> <!-- c_test -->
        <test-method is-config="true" signature="after_suite()[pri:0, instance:com.javatpoint.afterSuite.Module2@6f01b95f]" started-at="2024-09-08T13:35:03 WIB" name="after_suite" finished-at="2024-09-08T13:35:03 WIB" duration-ms="4" status="PASS">
          <reporter-output>
          </reporter-output>
        </test-method> <!-- after_suite -->
      </class> <!-- com.javatpoint.afterSuite.Module2 -->
    </test> <!-- Module 2 -->
  </suite> <!-- test_suite -->
</testng-results>
