<?xml version="1.0" encoding="UTF-8"?>
<testng-results ignored="0" total="1" passed="1" failed="0" skipped="0">
  <reporter-output>
  </reporter-output>
  <suite started-at="2024-09-12T22:29:21 WIB" name="Default suite" finished-at="2024-09-12T22:29:22 WIB" duration-ms="961">
    <groups>
    </groups>
    <test started-at="2024-09-12T22:29:21 WIB" name="Default test" finished-at="2024-09-12T22:29:22 WIB" duration-ms="961">
      <class name="futureTech9ExtentReport.FailedTestsReport">
        <test-method signature="ReportofFailedTest()[pri:0, instance:futureTech9ExtentReport.FailedTestsReport@71687585]" started-at="2024-09-12T22:29:21 WIB" name="ReportofFailedTest" finished-at="2024-09-12T22:29:22 WIB" duration-ms="910" status="PASS">
          <reporter-output>
          </reporter-output>
        </test-method> <!-- ReportofFailedTest -->
      </class> <!-- futureTech9ExtentReport.FailedTestsReport -->
    </test> <!-- Default test -->
  </suite> <!-- Default suite -->
</testng-results>
