<?xml version="1.0" encoding="UTF-8"?>
<testng-results ignored="0" total="3" passed="3" failed="0" skipped="0">
  <reporter-output>
  </reporter-output>
  <suite started-at="2024-09-05T14:56:20 WIB" name="Suite" finished-at="2024-09-05T14:56:20 WIB" duration-ms="163">
    <groups>
    </groups>
    <test started-at="2024-09-05T14:56:20 WIB" name="Sum" finished-at="2024-09-05T14:56:20 WIB" duration-ms="52">
      <class name="com.javatpoint.parameters.Sum">
        <test-method signature="add(int,int)[pri:0, instance:com.javatpoint.parameters.Sum@76c3e77a]" started-at="2024-09-05T14:56:20 WIB" name="add" finished-at="2024-09-05T14:56:20 WIB" duration-ms="16" status="PASS">
          <params>
            <param index="0">
              <value>
                <![CDATA[5]]>
              </value>
            </param>
            <param index="1">
              <value>
                <![CDATA[3]]>
              </value>
            </param>
          </params>
          <reporter-output>
          </reporter-output>
        </test-method> <!-- add -->
      </class> <!-- com.javatpoint.parameters.Sum -->
    </test> <!-- Sum -->
    <test started-at="2024-09-05T14:56:20 WIB" name="Subtract" finished-at="2024-09-05T14:56:20 WIB" duration-ms="5">
      <class name="com.javatpoint.parameters.Subtract">
        <test-method signature="add(int,int)[pri:0, instance:com.javatpoint.parameters.Subtract@957e06]" started-at="2024-09-05T14:56:20 WIB" name="add" finished-at="2024-09-05T14:56:20 WIB" duration-ms="2" status="PASS">
          <params>
            <param index="0">
              <value>
                <![CDATA[5]]>
              </value>
            </param>
            <param index="1">
              <value>
                <![CDATA[3]]>
              </value>
            </param>
          </params>
          <reporter-output>
          </reporter-output>
        </test-method> <!-- add -->
      </class> <!-- com.javatpoint.parameters.Subtract -->
    </test> <!-- Subtract -->
    <test started-at="2024-09-05T14:56:20 WIB" name="Multiply" finished-at="2024-09-05T14:56:20 WIB" duration-ms="6">
      <class name="com.javatpoint.parameters.Multiply">
        <test-method signature="add(int,int)[pri:0, instance:com.javatpoint.parameters.Multiply@21282ed8]" started-at="2024-09-05T14:56:20 WIB" name="add" finished-at="2024-09-05T14:56:20 WIB" duration-ms="1" status="PASS">
          <params>
            <param index="0">
              <value>
                <![CDATA[5]]>
              </value>
            </param>
            <param index="1">
              <value>
                <![CDATA[3]]>
              </value>
            </param>
          </params>
          <reporter-output>
          </reporter-output>
        </test-method> <!-- add -->
      </class> <!-- com.javatpoint.parameters.Multiply -->
    </test> <!-- Multiply -->
  </suite> <!-- Suite -->
</testng-results>
