<?xml version="1.0" encoding="UTF-8"?>
<!-- Generated by org.testng.reporters.JUnitXMLReporter -->
<testsuite ignored="0" hostname="JOHAN-NB" failures="0" tests="7" name="Before Class" time="0.103" errors="0" timestamp="2024-09-08T11:22:59 WIB">
  <testcase classname="com.javatpoint.afterClass.Class1" name="testcase1" time="0.011"/>
  <testcase classname="com.javatpoint.afterClass.Class1" name="testcase2" time="0.002"/>
  <testcase classname="com.javatpoint.afterClass.Class1" name="testcase3" time="0.001"/>
  <testcase classname="com.javatpoint.afterClass.Class2" name="testcase1" time="0.001"/>
  <testcase classname="com.javatpoint.afterClass.Class2" name="testcase2" time="0.005"/>
  <testcase classname="com.javatpoint.afterClass.Class2" name="testcase3" time="0.001"/>
  <testcase classname="com.javatpoint.afterClass.Class2" name="testcase4" time="0.002"/>
</testsuite> <!-- Before Class -->
